  Application.cpp
C:\Users\domin\Desktop\OpenGL-modelviewer\source\Application.cpp(52,48): warning C4244: '=': conversion from 'double' to 'T', possible loss of data
          with
          [
              T=float
          ]
  Model.cpp
C:\Users\domin\Desktop\OpenGL-modelviewer\source\GameObject\Model.cpp(63,23): warning C4018: '<': signed/unsigned mismatch
C:\Users\domin\Desktop\OpenGL-modelviewer\source\GameObject\Model.cpp(65,15): warning C4018: '<': signed/unsigned mismatch
C:\Users\domin\Desktop\OpenGL-modelviewer\source\GameObject\Model.cpp(82,23): warning C4018: '<': signed/unsigned mismatch
C:\Users\domin\Desktop\OpenGL-modelviewer\source\GameObject\Model.cpp(85,23): warning C4018: '<': signed/unsigned mismatch
  Window.cpp
  Mesh.cpp
  main.cpp
  Shader.cpp
  Texture.cpp
  Time.cpp
C:\Users\domin\Desktop\OpenGL-modelviewer\source\Time.cpp(10,21): warning C4244: 'initializing': conversion from 'double' to 'float', possible loss of data
  imgui.cpp
  imgui_demo.cpp
  imgui_draw.cpp
  imgui_impl_glfw.cpp
  imgui_impl_opengl3.cpp
  imgui_widgets.cpp
  Previous IPDB not found, fall back to full compilation.
LINK : warning LNK4098: defaultlib 'LIBCMT' conflicts with use of other libs; use /NODEFAULTLIB:library
  Generating code
  All 2900 functions were compiled because no usable IPDB/IOBJ from previous compilation was found.
  Finished generating code
glew32s.lib(glew.obj) : warning LNK4099: PDB '' was not found with 'glew32s.lib(glew.obj)' or at ''; linking object as if no debug info
  source.vcxproj -> C:\Users\domin\Desktop\OpenGL-modelviewer\Release\EngineSolution.exe
