  Application.cpp
C:\openglTest\engine3D\source\Application.cpp(58,48): warning C4244: '=': conversion from 'double' to 'T', possible loss of data
          with
          [
              T=float
          ]
  Model.cpp
C:\openglTest\engine3D\source\GameObject\Model.cpp(63,23): warning C4018: '<': signed/unsigned mismatch
C:\openglTest\engine3D\source\GameObject\Model.cpp(65,15): warning C4018: '<': signed/unsigned mismatch
C:\openglTest\engine3D\source\GameObject\Model.cpp(82,23): warning C4018: '<': signed/unsigned mismatch
C:\openglTest\engine3D\source\GameObject\Model.cpp(85,23): warning C4018: '<': signed/unsigned mismatch
  Window.cpp
  Mesh.cpp
  main.cpp
  Shader.cpp
  Texture.cpp
  Time.cpp
C:\openglTest\engine3D\source\Time.cpp(10,21): warning C4244: 'initializing': conversion from 'double' to 'float', possible loss of data
  imgui.cpp
  imgui_demo.cpp
  imgui_draw.cpp
  imgui_impl_glfw.cpp
  imgui_impl_opengl3.cpp
  imgui_widgets.cpp
  Generating Code...
LINK : warning LNK4098: defaultlib 'MSVCRT' conflicts with use of other libs; use /NODEFAULTLIB:library
LINK : warning LNK4098: defaultlib 'LIBCMT' conflicts with use of other libs; use /NODEFAULTLIB:library
glew32s.lib(glew.obj) : warning LNK4099: PDB 'vc120.pdb' was not found with 'glew32s.lib(glew.obj)' or at 'C:\openglTest\engine3D\Debug\vc120.pdb'; linking object as if no debug info
  source.vcxproj -> C:\openglTest\engine3D\Debug\EngineSolution.exe
