c:\opengltest\project2\project2\debug\tmp\vc142.pdb
c:\opengltest\project2\project2\debug\tmp\vc142.idb
c:\opengltest\project2\project2\debug\tmp\shadercode.obj
c:\opengltest\project2\project2\debug\tmp\myglwindow.obj
c:\opengltest\project2\project2\debug\tmp\glshader.obj
c:\opengltest\project2\project2\debug\tmp\qtwindow.obj
c:\opengltest\project2\project2\debug\tmp\shapegenerator.obj
c:\opengltest\project2\project2\debug\tmp\shader.obj
c:\opengltest\project2\project2\debug\tmp\mesh.obj
c:\opengltest\project2\project2\debug\tmp\main.obj
c:\opengltest\project2\project2\debug\tmp\texture.obj
c:\opengltest\project2\project2\debug\tmp\vertexbuffer.obj
c:\opengltest\project2\project2\debug\tmp\indexbuffer.obj
c:\opengltest\project2\project2\debug\tmp\model.obj
c:\opengltest\project2\project2\debug\tmp\matrix.obj
c:\opengltest\project2\project2\debug\tmp\buffers.obj
c:\opengltest\project2\project2\debug\tmp\display.obj
c:\opengltest\project2\project2\debug\tmp\glshader.new.obj.enc
c:\opengltest\project2\project2\debug\tmp\shapegenerator.obj.enc
c:\opengltest\project2\project2\debug\tmp\texture.new.obj.enc
c:\opengltest\project2\debug\project2.pdb
c:\opengltest\project2\project2\debug\tmp\project2.tlog\cl.command.1.tlog
c:\opengltest\project2\project2\debug\tmp\project2.tlog\cl.read.1.tlog
c:\opengltest\project2\project2\debug\tmp\project2.tlog\cl.write.1.tlog
c:\opengltest\project2\project2\debug\tmp\project2.tlog\link.7728-cvtres.read.1.tlog
c:\opengltest\project2\project2\debug\tmp\project2.tlog\link.7728-cvtres.write.1.tlog
c:\opengltest\project2\project2\debug\tmp\project2.tlog\link.7728-rc.read.1.tlog
c:\opengltest\project2\project2\debug\tmp\project2.tlog\link.7728-rc.write.1.tlog
c:\opengltest\project2\project2\debug\tmp\project2.tlog\link.7728.read.1.tlog
c:\opengltest\project2\project2\debug\tmp\project2.tlog\link.7728.write.1.tlog
c:\opengltest\project2\project2\debug\tmp\project2.tlog\link.command.1.tlog
c:\opengltest\project2\project2\debug\tmp\project2.tlog\link.read.1.tlog
c:\opengltest\project2\project2\debug\tmp\project2.tlog\link.write.1.tlog
