  Application.cpp
C:\Users\domin\Desktop\OpenGL-modelviewer\source\Application.h(4,10): fatal  error C1083: Cannot open include file: 'GL/glew.h': No such file or directory
  Model.cpp
C:\Users\domin\Desktop\OpenGL-modelviewer\source\GameObject\Model.cpp(2,10): fatal  error C1083: Cannot open include file: 'tiny_obj_loader.h': No such file or directory
  Window.cpp
C:\Users\domin\Desktop\OpenGL-modelviewer\source\Window.h(4,10): fatal  error C1083: Cannot open include file: 'GL/glew.h': No such file or directory
  Mesh.cpp
C:\Users\domin\Desktop\OpenGL-modelviewer\source\GameObject\Mesh.h(4,10): fatal  error C1083: Cannot open include file: 'GL/glew.h': No such file or directory
  main.cpp
C:\Users\domin\Desktop\OpenGL-modelviewer\source\Application.h(4,10): fatal  error C1083: Cannot open include file: 'GL/glew.h': No such file or directory
  Shader.cpp
C:\Users\domin\Desktop\OpenGL-modelviewer\source\GameObject\Shader.h(4,10): fatal  error C1083: Cannot open include file: 'GL/glew.h': No such file or directory
  Texture.cpp
C:\Users\domin\Desktop\OpenGL-modelviewer\source\GameObject\Texture.h(4,10): fatal  error C1083: Cannot open include file: 'GL/glew.h': No such file or directory
  Time.cpp
C:\Users\domin\Desktop\OpenGL-modelviewer\source\Time.cpp(10,21): warning C4244: 'initializing': conversion from 'double' to 'float', possible loss of data
  imgui.cpp
  imgui_demo.cpp
  imgui_draw.cpp
  imgui_impl_glfw.cpp
C:\Users\domin\Desktop\OpenGL-modelviewer\source\Vendor\imgui\imgui_impl_glfw.cpp(44,10): fatal  error C1083: Cannot open include file: 'GL/glew.h': No such file or directory
  imgui_impl_opengl3.cpp
C:\Users\domin\Desktop\OpenGL-modelviewer\source\Vendor\imgui\imgui_impl_opengl3.h(65,1): fatal  error C1189: #error:  "Cannot detect OpenGL loader!"
  imgui_widgets.cpp
